<?xml version="1.0" encoding="UTF-8"?>
<!-- Generated by org.testng.reporters.JUnitReportReporter -->
<testsuite hostname="DESKTOP-9Q828V5" failures="0" tests="6" name="com.zafin.interview.UniversitiesAPICollectionTest" time="0.098" errors="0" timestamp="2024-02-25T23:13:51 EST" skipped="0">
  <testcase classname="com.zafin.interview.UniversitiesAPICollectionTest" name="testIfGetStatusCode200" time="0.018"/>
  <system-out/>
  <testcase classname="com.zafin.interview.UniversitiesAPICollectionTest" name="testIfResponseBodyIsNotEmptyForGet200response" time="0.019"/>
  <system-out/>
  <testcase classname="com.zafin.interview.UniversitiesAPICollectionTest" name="testIfGetStatusCode401" time="0.019"/>
  <system-out/>
  <testcase classname="com.zafin.interview.UniversitiesAPICollectionTest" name="testIfGetStatusCode404ResponseMissingAuth" time="0.010"/>
  <system-out/>
  <testcase classname="com.zafin.interview.UniversitiesAPICollectionTest" name="testIfGetStatusCode404UrlPathError" time="0.010"/>
  <system-out/>
  <testcase classname="com.zafin.interview.UniversitiesAPICollectionTest" name="testIfResponse200HasJsonList" time="0.022"/>
  <system-out/>
</testsuite> <!-- com.zafin.interview.UniversitiesAPICollectionTest -->
